[19:02:54] [main/INFO]: Loading Minecraft 1.20.4 with Fabric Loader 0.16.3
[19:02:55] [main/INFO]: Loading 4 mods:
	- fabricloader 0.16.3
	   \-- mixinextras 0.4.1
	- java 21
	- minecraft 1.20.4
[19:02:55] [main/INFO]: SpongePowered MIXIN Subsystem Version=0.8.7 Source=file:/workspaces/FrancoTest/servidor_minecraft/libraries/net/fabricmc/sponge-mixin/0.15.2+mixin.0.8.7/sponge-mixin-0.15.2+mixin.0.8.7.jar Service=Knot/Fabric Env=SERVER
[19:03:04] [main/INFO]: Environment: Environment[sessionHost=https://sessionserver.mojang.com, servicesHost=https://api.minecraftservices.com, name=PROD]
[19:03:07] [main/INFO]: Loaded 7 recipes
[19:03:07] [main/INFO]: Loaded 1271 advancements
[19:03:08] [Server thread/INFO]: Starting minecraft server version 1.20.4
[19:03:08] [Server thread/INFO]: Loading properties
[19:03:08] [Server thread/INFO]: Default game type: SURVIVAL
[19:03:08] [Server thread/INFO]: Generating keypair
[19:03:08] [Server thread/INFO]: Starting Minecraft server on *:25565
[19:03:08] [Server thread/INFO]: Using epoll channel type
[19:03:09] [Server thread/WARN]: **** SERVER IS RUNNING IN OFFLINE/INSECURE MODE!
[19:03:09] [Server thread/WARN]: The server will make no attempt to authenticate usernames. Beware.
[19:03:09] [Server thread/WARN]: While this makes the game possible to play without internet access, it also opens up the ability for hackers to connect with any username they choose.
[19:03:09] [Server thread/WARN]: To change this, set "online-mode" to "true" in the server.properties file.
[19:03:09] [Server thread/INFO]: Preparing level "world"
[19:03:16] [Server thread/INFO]: Preparing start region for dimension minecraft:overworld
[19:03:20] [Worker-Main-1/INFO]: Preparing spawn area: 0%
[19:03:20] [Worker-Main-1/INFO]: Preparing spawn area: 0%
[19:03:20] [Worker-Main-1/INFO]: Preparing spawn area: 0%
[19:03:20] [Worker-Main-1/INFO]: Preparing spawn area: 0%
[19:03:20] [Worker-Main-1/INFO]: Preparing spawn area: 0%
[19:03:20] [Worker-Main-1/INFO]: Preparing spawn area: 0%
[19:03:20] [Worker-Main-1/INFO]: Preparing spawn area: 0%
[19:03:20] [Worker-Main-1/INFO]: Preparing spawn area: 0%
[19:03:20] [Worker-Main-1/INFO]: Preparing spawn area: 0%
[19:03:20] [Worker-Main-1/INFO]: Preparing spawn area: 0%
[19:03:21] [Worker-Main-1/INFO]: Preparing spawn area: 0%
[19:03:22] [Worker-Main-1/INFO]: Preparing spawn area: 93%
[19:03:22] [Server thread/INFO]: Time elapsed: 5747 ms
[19:03:22] [Server thread/INFO]: Done (13.174s)! For help, type "help"
[19:04:27] [Server thread/INFO]: RandaTheEminence[/172.26.230.241:52487] logged in with entity id 140 at (10.5, 73.0, 11.5)
[19:04:27] [Server thread/INFO]: RandaTheEminence joined the game
[19:07:42] [Server thread/INFO]: RandaTheEminence lost connection: Disconnected
[19:07:42] [Server thread/INFO]: RandaTheEminence left the game
[19:09:44] [Server thread/INFO]: Stopping the server
[19:09:44] [Server thread/INFO]: Stopping server
[19:09:44] [Server thread/INFO]: Saving players
[19:09:44] [Server thread/INFO]: Saving worlds
[19:09:46] [Server thread/INFO]: Saving chunks for level 'ServerLevel[world]'/minecraft:overworld
[19:09:47] [Server thread/INFO]: Saving chunks for level 'ServerLevel[world]'/minecraft:the_nether
[19:09:47] [Server thread/INFO]: Saving chunks for level 'ServerLevel[world]'/minecraft:the_end
[19:09:47] [Server thread/INFO]: ThreadedAnvilChunkStorage (world): All chunks are saved
[19:09:47] [Server thread/INFO]: ThreadedAnvilChunkStorage (DIM-1): All chunks are saved
[19:09:47] [Server thread/INFO]: ThreadedAnvilChunkStorage (DIM1): All chunks are saved
[19:09:47] [Server thread/INFO]: ThreadedAnvilChunkStorage: All dimensions are saved
